2024-08-07 19:28:08 Loading main app package /usr/lib/obsidian/obsidian.asar
2024-08-07 19:28:21 Loading main app package /usr/lib/obsidian/obsidian.asar
2024-08-07 19:29:37 Loading main app package /usr/lib/obsidian/obsidian.asar
2024-08-07 19:29:37 Checking for update using Github
2024-08-07 19:29:37 Success.
2024-08-07 19:29:37 Latest version is 1.6.7
2024-08-07 19:29:37 App is up to date.
2024-08-07 19:33:12 Loading main app package /usr/lib/obsidian/obsidian.asar
2024-08-07 19:34:19 Loading main app package /usr/lib/obsidian/obsidian.asar
2024-08-07 19:37:08 Loading main app package /usr/lib/obsidian/obsidian.asar
2024-08-07 19:37:08 Checking for update using Github
2024-08-07 19:37:09 Success.
2024-08-07 19:37:09 Latest version is 1.6.7
2024-08-07 19:37:09 App is up to date.
2024-08-07 19:47:16 Loading main app package /usr/lib/obsidian/obsidian.asar
2024-08-07 19:47:16 Checking for update using Github
2024-08-07 19:47:17 Success.
2024-08-07 19:47:17 Latest version is 1.6.7
2024-08-07 19:47:17 App is up to date.
2024-08-07 19:48:37 Loading main app package /usr/lib/obsidian/obsidian.asar
2024-08-07 19:48:37 Checking for update using Github
2024-08-07 19:48:37 Success.
2024-08-07 19:48:37 Latest version is 1.6.7
2024-08-07 19:48:37 App is up to date.
2024-08-07 19:49:53 Loading main app package /usr/lib/obsidian/obsidian.asar
2024-08-07 19:49:54 Checking for update using Github
2024-08-07 19:49:54 Success.
2024-08-07 19:49:54 Latest version is 1.6.7
2024-08-07 19:49:54 App is up to date.
2024-08-07 19:50:30 Loading main app package /usr/lib/obsidian/obsidian.asar
2024-08-07 19:50:30 Checking for update using Github
2024-08-07 19:50:30 Success.
2024-08-07 19:50:30 Latest version is 1.6.7
2024-08-07 19:50:30 App is up to date.
2024-08-07 19:51:09 Loading main app package /usr/lib/obsidian/obsidian.asar
2024-08-07 19:51:09 Checking for update using Github
2024-08-07 19:51:09 Success.
2024-08-07 19:51:09 Latest version is 1.6.7
2024-08-07 19:51:09 App is up to date.
2024-08-07 19:51:33 Loading main app package /usr/lib/obsidian/obsidian.asar
2024-08-07 19:51:33 Checking for update using Github
2024-08-07 19:51:33 Success.
2024-08-07 19:51:33 Latest version is 1.6.7
2024-08-07 19:51:33 App is up to date.
2024-08-07 19:52:29 Loading main app package /usr/lib/obsidian/obsidian.asar
2024-08-07 19:52:29 Checking for update using Github
2024-08-07 19:52:30 Success.
2024-08-07 19:52:30 Latest version is 1.6.7
2024-08-07 19:52:30 App is up to date.
2024-08-07 19:58:09 Loading main app package /usr/lib/obsidian/obsidian.asar
2024-08-07 19:58:09 Checking for update using Github
2024-08-07 19:58:09 Success.
2024-08-07 19:58:09 Latest version is 1.6.7
2024-08-07 19:58:09 App is up to date.
2024-08-09 19:36:08 Loading main app package /usr/lib/obsidian/obsidian.asar
2024-08-09 19:36:08 Checking for update using Github
2024-08-09 19:36:08 Success.
2024-08-09 19:36:08 Latest version is 1.6.7
2024-08-09 19:36:08 App is up to date.
